{"C:\\Users\\miles\\Documents\\MiscProjects\\todo-website\\src\\main.tsx": {"path":"C:\\Users\\miles\\Documents\\MiscProjects\\todo-website\\src\\main.tsx","statementMap":{"0":{"start":{"line":1,"column":0},"end":{"line":1,"column":35}},"1":{"start":{"line":2,"column":0},"end":{"line":2,"column":46}},"2":{"start":{"line":3,"column":0},"end":{"line":3,"column":21}},"3":{"start":{"line":4,"column":0},"end":{"line":4,"column":71}},"4":{"start":{"line":5,"column":0},"end":{"line":5,"column":39}},"5":{"start":{"line":6,"column":0},"end":{"line":6,"column":32}},"6":{"start":{"line":7,"column":0},"end":{"line":7,"column":37}},"7":{"start":{"line":10,"column":15},"end":{"line":15,"column":2}},"8":{"start":{"line":17,"column":0},"end":{"line":23,"column":2}}},"fnMap":{},"branchMap":{},"s":{"0":0,"1":0,"2":0,"3":0,"4":0,"5":0,"6":0,"7":0,"8":0},"f":{},"b":{}}
,"C:\\Users\\miles\\Documents\\MiscProjects\\todo-website\\src\\vite-env.d.ts": {"path":"C:\\Users\\miles\\Documents\\MiscProjects\\todo-website\\src\\vite-env.d.ts","statementMap":{},"fnMap":{},"branchMap":{},"s":{},"f":{},"b":{}}
,"C:\\Users\\miles\\Documents\\MiscProjects\\todo-website\\src\\app\\store.ts": {"path":"C:\\Users\\miles\\Documents\\MiscProjects\\todo-website\\src\\app\\store.ts","statementMap":{"0":{"start":{"line":1,"column":0},"end":{"line":1,"column":50}},"1":{"start":{"line":2,"column":0},"end":{"line":2,"column":42}},"2":{"start":{"line":3,"column":0},"end":{"line":3,"column":67}},"3":{"start":{"line":6,"column":14},"end":{"line":8,"column":2}},"4":{"start":{"line":13,"column":13},"end":{"line":13,"column":67}},"5":{"start":{"line":15,"column":0},"end":{"line":15,"column":21}}},"fnMap":{},"branchMap":{},"s":{"0":0,"1":0,"2":0,"3":0,"4":0,"5":0},"f":{},"b":{}}
,"C:\\Users\\miles\\Documents\\MiscProjects\\todo-website\\src\\features\\taskGroups\\TaskGroup.ts": {"path":"C:\\Users\\miles\\Documents\\MiscProjects\\todo-website\\src\\features\\taskGroups\\TaskGroup.ts","statementMap":{"0":{"start":{"line":18,"column":25},"end":{"line":22,"column":2}},"1":{"start":{"line":18,"column":88},"end":{"line":22,"column":2}},"2":{"start":{"line":18,"column":13},"end":{"line":18,"column":25}}},"fnMap":{"0":{"name":"(anonymous_0)","decl":{"start":{"line":18,"column":25},"end":{"line":18,"column":26}},"loc":{"start":{"line":18,"column":88},"end":{"line":22,"column":2}}}},"branchMap":{},"s":{"0":1,"1":3,"2":1},"f":{"0":3},"b":{}}
,"C:\\Users\\miles\\Documents\\MiscProjects\\todo-website\\src\\features\\taskGroups\\taskGroupSlice.ts": {"path":"C:\\Users\\miles\\Documents\\MiscProjects\\todo-website\\src\\features\\taskGroups\\taskGroupSlice.ts","statementMap":{"0":{"start":{"line":1,"column":0},"end":{"line":1,"column":62}},"1":{"start":{"line":17,"column":13},"end":{"line":20,"column":2}},"2":{"start":{"line":23,"column":23},"end":{"line":51,"column":2}},"3":{"start":{"line":36,"column":12},"end":{"line":36,"column":46}},"4":{"start":{"line":39,"column":12},"end":{"line":39,"column":54}},"5":{"start":{"line":48,"column":12},"end":{"line":48,"column":51}},"6":{"start":{"line":54,"column":13},"end":{"line":54,"column":52}},"7":{"start":{"line":57,"column":0},"end":{"line":57,"column":38}},"8":{"start":{"line":65,"column":32},"end":{"line":65,"column":84}},"9":{"start":{"line":65,"column":72},"end":{"line":65,"column":84}},"10":{"start":{"line":65,"column":13},"end":{"line":65,"column":32}},"11":{"start":{"line":72,"column":37},"end":{"line":72,"column":93}},"12":{"start":{"line":72,"column":72},"end":{"line":72,"column":93}},"13":{"start":{"line":72,"column":13},"end":{"line":72,"column":37}}},"fnMap":{"0":{"name":"(anonymous_0)","decl":{"start":{"line":35,"column":8},"end":{"line":35,"column":20}},"loc":{"start":{"line":35,"column":76},"end":{"line":40,"column":9}}},"1":{"name":"(anonymous_1)","decl":{"start":{"line":47,"column":8},"end":{"line":47,"column":26}},"loc":{"start":{"line":47,"column":79},"end":{"line":49,"column":9}}},"2":{"name":"(anonymous_2)","decl":{"start":{"line":65,"column":32},"end":{"line":65,"column":33}},"loc":{"start":{"line":65,"column":72},"end":{"line":65,"column":84}}},"3":{"name":"(anonymous_3)","decl":{"start":{"line":72,"column":37},"end":{"line":72,"column":38}},"loc":{"start":{"line":72,"column":72},"end":{"line":72,"column":93}}}},"branchMap":{},"s":{"0":1,"1":1,"2":1,"3":3,"4":3,"5":0,"6":1,"7":1,"8":1,"9":0,"10":1,"11":1,"12":0,"13":1},"f":{"0":3,"1":0,"2":0,"3":0},"b":{}}
,"C:\\Users\\miles\\Documents\\MiscProjects\\todo-website\\src\\features\\taskGroups\\container\\TaskGroupSidebar.tsx": {"path":"C:\\Users\\miles\\Documents\\MiscProjects\\todo-website\\src\\features\\taskGroups\\container\\TaskGroupSidebar.tsx","statementMap":{"0":{"start":{"line":1,"column":0},"end":{"line":1,"column":55}},"1":{"start":{"line":2,"column":0},"end":{"line":2,"column":67}},"2":{"start":{"line":4,"column":0},"end":{"line":4,"column":32}},"3":{"start":{"line":5,"column":0},"end":{"line":5,"column":32}},"4":{"start":{"line":6,"column":0},"end":{"line":6,"column":70}},"5":{"start":{"line":11,"column":32},"end":{"line":57,"column":1}},"6":{"start":{"line":12,"column":23},"end":{"line":12,"column":52}},"7":{"start":{"line":14,"column":21},"end":{"line":14,"column":34}},"8":{"start":{"line":17,"column":34},"end":{"line":30,"column":5}},"9":{"start":{"line":18,"column":30},"end":{"line":18,"column":58}},"10":{"start":{"line":21,"column":8},"end":{"line":29,"column":9}},"11":{"start":{"line":22,"column":12},"end":{"line":28,"column":14}},"12":{"start":{"line":32,"column":4},"end":{"line":56,"column":6}},"13":{"start":{"line":52,"column":20},"end":{"line":52,"column":59}},"14":{"start":{"line":11,"column":13},"end":{"line":11,"column":32}}},"fnMap":{"0":{"name":"(anonymous_0)","decl":{"start":{"line":11,"column":32},"end":{"line":11,"column":35}},"loc":{"start":{"line":11,"column":37},"end":{"line":57,"column":1}}},"1":{"name":"(anonymous_1)","decl":{"start":{"line":17,"column":34},"end":{"line":17,"column":37}},"loc":{"start":{"line":17,"column":39},"end":{"line":30,"column":5}}},"2":{"name":"(anonymous_2)","decl":{"start":{"line":51,"column":32},"end":{"line":51,"column":33}},"loc":{"start":{"line":52,"column":20},"end":{"line":52,"column":59}}}},"branchMap":{"0":{"loc":{"start":{"line":18,"column":30},"end":{"line":18,"column":58}},"type":"cond-expr","locations":[{"start":{"line":18,"column":50},"end":{"line":18,"column":52}},{"start":{"line":18,"column":50},"end":{"line":18,"column":58}}]},"1":{"loc":{"start":{"line":18,"column":30},"end":{"line":18,"column":52}},"type":"binary-expr","locations":[{"start":{"line":18,"column":30},"end":{"line":18,"column":52}},{"start":{"line":18,"column":50},"end":{"line":18,"column":52}}]},"2":{"loc":{"start":{"line":21,"column":8},"end":{"line":29,"column":9}},"type":"if","locations":[{"start":{"line":21,"column":8},"end":{"line":29,"column":9}}]},"3":{"loc":{"start":{"line":21,"column":14},"end":{"line":21,"column":65}},"type":"binary-expr","locations":[{"start":{"line":21,"column":14},"end":{"line":21,"column":34}},{"start":{"line":21,"column":38},"end":{"line":21,"column":65}}]}},"s":{"0":0,"1":0,"2":0,"3":0,"4":0,"5":0,"6":0,"7":0,"8":0,"9":0,"10":0,"11":0,"12":0,"13":0,"14":0},"f":{"0":0,"1":0,"2":0},"b":{"0":[0,0],"1":[0,0],"2":[0],"3":[0,0]}}
,"C:\\Users\\miles\\Documents\\MiscProjects\\todo-website\\src\\features\\taskGroups\\task-group\\TaskGroupComponent.tsx": {"path":"C:\\Users\\miles\\Documents\\MiscProjects\\todo-website\\src\\features\\taskGroups\\task-group\\TaskGroupComponent.tsx","statementMap":{"0":{"start":{"line":1,"column":0},"end":{"line":1,"column":55}},"1":{"start":{"line":4,"column":0},"end":{"line":4,"column":34}},"2":{"start":{"line":5,"column":0},"end":{"line":5,"column":78}},"3":{"start":{"line":6,"column":0},"end":{"line":6,"column":36}},"4":{"start":{"line":13,"column":34},"end":{"line":37,"column":1}},"5":{"start":{"line":15,"column":24},"end":{"line":15,"column":58}},"6":{"start":{"line":16,"column":21},"end":{"line":16,"column":49}},"7":{"start":{"line":18,"column":21},"end":{"line":18,"column":34}},"8":{"start":{"line":21,"column":31},"end":{"line":24,"column":5}},"9":{"start":{"line":23,"column":8},"end":{"line":23,"column":67}},"10":{"start":{"line":26,"column":4},"end":{"line":36,"column":6}},"11":{"start":{"line":13,"column":13},"end":{"line":13,"column":34}}},"fnMap":{"0":{"name":"(anonymous_0)","decl":{"start":{"line":13,"column":34},"end":{"line":13,"column":35}},"loc":{"start":{"line":13,"column":78},"end":{"line":37,"column":1}}},"1":{"name":"(anonymous_1)","decl":{"start":{"line":21,"column":31},"end":{"line":21,"column":34}},"loc":{"start":{"line":21,"column":36},"end":{"line":24,"column":5}}}},"branchMap":{"0":{"loc":{"start":{"line":23,"column":36},"end":{"line":23,"column":64}},"type":"cond-expr","locations":[{"start":{"line":23,"column":47},"end":{"line":23,"column":49}},{"start":{"line":23,"column":52},"end":{"line":23,"column":64}}]},"1":{"loc":{"start":{"line":30,"column":16},"end":{"line":30,"column":61}},"type":"cond-expr","locations":[{"start":{"line":30,"column":27},"end":{"line":30,"column":56}},{"start":{"line":30,"column":59},"end":{"line":30,"column":61}}]}},"s":{"0":0,"1":0,"2":0,"3":0,"4":0,"5":0,"6":0,"7":0,"8":0,"9":0,"10":0,"11":0},"f":{"0":0,"1":0},"b":{"0":[0,0],"1":[0,0]}}
,"C:\\Users\\miles\\Documents\\MiscProjects\\todo-website\\src\\routes\\root.tsx": {"path":"C:\\Users\\miles\\Documents\\MiscProjects\\todo-website\\src\\routes\\root.tsx","statementMap":{"0":{"start":{"line":1,"column":0},"end":{"line":1,"column":20}},"1":{"start":{"line":2,"column":0},"end":{"line":2,"column":85}},"2":{"start":{"line":4,"column":20},"end":{"line":14,"column":1}},"3":{"start":{"line":5,"column":4},"end":{"line":13,"column":6}},"4":{"start":{"line":4,"column":13},"end":{"line":4,"column":20}}},"fnMap":{"0":{"name":"(anonymous_0)","decl":{"start":{"line":4,"column":20},"end":{"line":4,"column":23}},"loc":{"start":{"line":4,"column":25},"end":{"line":14,"column":1}}}},"branchMap":{},"s":{"0":0,"1":0,"2":0,"3":0,"4":0},"f":{"0":0},"b":{}}
}
